bag,nlp,natural_language,dog,ambiguity,chasing,relations,partly,processing,phrases,
push,querying,pull_mode,browsing,keywords,interest,initiative,mode,exact,browse,engines,trend,bag,trends,service,literature,intelligent_information,browsing,response,vertical,
relevant_documents,assumptions,ranked_list,r,q,utility,retrieving,sufficient,approximation,engines,
dog,pet,choochoo,polymorphism,extends,capital,constructor,sweet,cast,override,vectors,d3,d2,bag,dot_product,d1,d4,presidential,vocabulary,matching,matching,idf,bm25,overlap,transformation,xi,candidate,contexts,frequent_term,equally,random_variable,plsa,entropy,coin,fair_coin,nodes,authors,constraints,x_sub,influence,r,ranking_function,q,unseen,d1,imaginary,d2,likes,objectives,collected,sequence,frequent,dog,robust,deeper,relations,mistakes,extracted,entities,shallow,relevant_documents,assumptions,ranked_list,r,q,utility,retrieving,sufficient,approximation,engines,
vector_space,vectors,ranking_function,indicates,introduction,covers,dimensions,framework,select,addressed,vectors,d3,d2,bag,dot_product,d1,d4,presidential,vocabulary,matching,
vectors,d3,d2,bag,dot_product,d1,d4,presidential,vocabulary,matching,
matching,idf,presidential,d2,vectors,idf_weighting,matched,term_frequency,d3,d4,
transformation,matching,received,tf,linear,tf_idf_weighting,upper_bound,ranking_function,contribution,axis,
condition,loops,update,execute,bm25,checking,declaring,initialization,literal,primitive,matching,idf,presidential,d2,vectors,idf_weighting,matched,term_frequency,d3,d4,pages,links,papers,description,matching,pointing,cited,varies,counting,pointed,smoothing,collection_language_model,logarithm,tf_idf_weighting,assumptions,alpha_sub_d,query_likelihood,ranking_function,matched,unseen,
inverted_index,dictionary,fetch,indexer,save,scoring,entries,disk,occured,phenomenon,
bits,floor,ids,decode,inverted_index,encoded,skewed,encoding,recover,encode,
inverted_index,fetch,matched,entries,factors,scoring_function,promising,matching,allocated,d4,
methodology,studies,judged,utility,r_sub,quantify,developed,listed,improving,works_better,
precision_recall,relevant_documents,precision,f1,basic_measures,retrieved,arithmetic_mean,retrieve,tradeoff,r,
precision,precision_recall,curve,user_stops,statistical,ranked_list,sequence,nutrition,ranked,sensitive,
r,ranked,effort,arithmetic_mean,precision,comparing,situation,dominated,precision_recall,average_precisions,
professor,gain,university,normalization,surgery,success,discounted,utility,plant,contribute,methodology,studies,judged,utility,r_sub,quantify,developed,listed,improving,works_better,precision,precision_recall,curve,user_stops,statistical,ranked_list,sequence,nutrition,ranked,sensitive,
mutual_information,statistical,pool,reduction,entropy,relevant_documents,joint,conclusion,information_theory,presence,
r,ranking_function,q,unseen,d1,imaginary,d2,likes,objectives,collected,
sequence,statistical,ratio,surprising,article,sports,relatively,mining_paper,non_zero_probability,uncertainties,
query_likelihood,update,strategies,filtering,collaborative_filtering,presidential,d4,preferences,considering,d2,
smoothing,author,mass,proportional,abstract,matched,maximum_likelihood,unseen,considering,query_likelihood,
smoothing,collection_language_model,logarithm,tf_idf_weighting,assumptions,alpha_sub_d,query_likelihood,ranking_function,matched,unseen,
smoothing,theta,prior,delta,pseudo,ratio,clustering,coefficient,categorization,posterior,smoothing,collection_language_model,logarithm,tf_idf_weighting,assumptions,alpha_sub_d,query_likelihood,ranking_function,matched,unseen,
text_categorization,categorize,categorization,categorisation,authors,sentiment,lambda,spam,email,tax,smoothing,collection_language_model,logarithm,tf_idf_weighting,assumptions,alpha_sub_d,query_likelihood,ranking_function,matched,unseen,
feedback,involve,relevance_feedback,pseudo,ranked,judgments,judgment,contrast,diagram,sent,
feedback,copy,constructor,centroid,u,birthday,refers,lambda,14,student,feedback,involve,relevance_feedback,pseudo,ranked,judgments,judgment,contrast,diagram,sent,vectors,d3,d2,bag,dot_product,d1,d4,presidential,vocabulary,matching,
feedback,copy,constructor,centroid,u,birthday,refers,lambda,14,student,
pages,challenges,opportunities,linked,updated,spam,born,developed,browser,ensure,
parallel,pair,files,reduce,programmer,framework,inverted_index,indexing,believed,send,
pages,links,papers,description,matching,pointing,cited,varies,counting,pointed,
surfer,pages,pagerank,equation,matrix,d1,di,equations,reaching,theta_sub,
theta,prior,likelihood_function,posterior,equation,pages,maximum_likelihood_estimator,bayesian,inference,y,
classifier,rating,classifiers,range,beta,logistic_regression,ranking_function,optimize,logistical_regression,optimal,
y,neighbors,beta,linear,scoring_function,feature_values,dog,classifier,neighbor,theta,
loops,enhanced,largest,notation,bracket,photo,lists,prime,twos,ids,classifier,linear,optimize,minimize,label,constraints,dimensional_space,classify,beta,vectors,observing,precision_recall,averaging,selecting,perspectives,aggregate,spam,theta_sub,likelihood_function,evaluated,
engines,trend,bag,trends,service,literature,intelligent_information,browsing,response,vertical,
threshold,deliver,module,profile,feedback,filtering,engines,delivered,filtering_system,delivery,
threshold,utility,explore,exploration,cut,optimal,gamma,status,tradeoff,alpha,
literal,quotes,contents,primitive,hypothesis,university,uppercase,repeated,helped,interest,query_likelihood,update,strategies,filtering,collaborative_filtering,presidential,d4,preferences,considering,d2,ratings,rating,normalized,viewed,predicted,vectors,generous,predicted_values,recommending,practical,
ratings,rating,normalized,viewed,predicted,vectors,generous,predicted_values,recommending,practical,matching,idf,bm25,overlap,transformation,xi,candidate,contexts,frequent_term,equally,classifier,rating,classifiers,range,beta,logistic_regression,ranking_function,optimize,logistical_regression,optimal,
query_likelihood,update,strategies,filtering,collaborative_filtering,presidential,d4,preferences,considering,d2,
flip,flop,applause,painting,boolean,initial,feeling,dealing,analytics,safe,precision,precision_recall,curve,user_stops,statistical,ranked_list,sequence,nutrition,ranked,sensitive,push,querying,pull_mode,browsing,keywords,interest,initiative,mode,exact,browse,parallel,pair,files,reduce,programmer,framework,inverted_index,indexing,believed,send,engines,trend,bag,trends,service,literature,intelligent_information,browsing,response,vertical,authors,papers,partition,contextual_text_mining,partitioning,source,direct,issues,location,comparing,methodology,studies,judged,utility,r_sub,quantify,developed,listed,improving,works_better,
flip,flop,applause,painting,boolean,initial,feeling,dealing,analytics,safe,
nontext_data,real_world,observer,sensor,angles,opinions,associations,analyzing,locations,attention,
y,neighbors,beta,linear,scoring_function,feature_values,dog,classifier,neighbor,theta,bag,nlp,natural_language,dog,ambiguity,chasing,relations,partly,processing,phrases,
tonight,america,nation,strength,statistical,american,americans,rise,election,shallow,practical,relations,nlp,sentiment,briefly,statistical,area,advanced,interpreting,enables,
sequence,frequent,dog,robust,deeper,relations,mistakes,extracted,entities,shallow,
enable,enabled,grow,money,woman,literature,conclusion,column,finished,commencement,
cat,clustering,relations,clusters,relation,dog,paradigmatic,eats,cluster,discovering,
condition,loops,update,execute,bm25,checking,declaring,initialization,literal,primitive,matching,idf,bm25,overlap,transformation,xi,candidate,contexts,frequent_term,equally,cat,clustering,relations,clusters,relation,dog,paradigmatic,eats,cluster,discovering,vectors,d3,d2,bag,dot_product,d1,d4,presidential,vocabulary,matching,
matching,idf,bm25,overlap,transformation,xi,candidate,contexts,frequent_term,equally,
random_variable,plsa,entropy,coin,fair_coin,nodes,authors,constraints,x_sub,influence,entropy,eats,presence,meat,segment,syntagmatic,minimum,relations,reduce,w1,
entropy,eats,presence,meat,segment,syntagmatic,minimum,relations,reduce,w1,
mutual_information,statistical,pool,reduction,entropy,relevant_documents,joint,conclusion,information_theory,presence,entropy,eats,presence,meat,segment,syntagmatic,minimum,relations,reduce,w1,
compiler,compile,condition,segments,errors,compiled,file,switch,executed,execute,cat,clustering,relations,clusters,relation,dog,paradigmatic,eats,cluster,discovering,mutual_information,statistical,pool,reduction,entropy,relevant_documents,joint,conclusion,information_theory,presence,entropy,eats,presence,meat,segment,syntagmatic,minimum,relations,reduce,w1,smoothing,theta,prior,delta,pseudo,ratio,clustering,coefficient,categorization,posterior,
realized,wheelchair,fear,doctor,incidents,smile,pain,alive,money,injury,nontext_data,real_world,observer,sensor,angles,opinions,associations,analyzing,locations,attention,cat,clustering,relations,clusters,relation,dog,paradigmatic,eats,cluster,discovering,sports,favor,star,travel,topical,scoring_function,occurred,basketball,redundancy,collect,theta_sub,prior,z,inference,bayesian,unknown,evidence,background_model,bayes_rule,explained,
sports,favor,star,travel,topical,scoring_function,occurred,basketball,redundancy,collect,
lambda,travel,sports,star,constraint,generative,axis,discovered,necessary,non_zero_probability,
precision,precision_recall,curve,user_stops,statistical,ranked_list,sequence,nutrition,ranked,sensitive,
theta,prior,likelihood_function,posterior,equation,pages,maximum_likelihood_estimator,bayesian,inference,y,
theta,prior,likelihood_function,posterior,equation,pages,maximum_likelihood_estimator,bayesian,inference,y,
observing,precision_recall,averaging,selecting,perspectives,aggregate,spam,theta_sub,likelihood_function,evaluated,
surfer,pages,pagerank,equation,matrix,d1,di,equations,reaching,theta_sub,theta_sub,prior,z,inference,bayesian,unknown,evidence,background_model,bayes_rule,explained,
prior,impact,likelihood_function,competition,effectively,optimal,theta_sub,discovered,normalized,frequencies,
theta_sub,prior,z,inference,bayesian,unknown,evidence,background_model,bayes_rule,explained,
parallel,pair,files,reduce,programmer,framework,inverted_index,indexing,believed,send,e_step,theta,hidden,z,em_algorithm,m_step,cluster,split,pis,extent,
rotate,rotation,midterm,quizzes,operator,modulus,remainder,mistakes,indices,exam,e_step,theta,hidden,z,em_algorithm,m_step,cluster,split,pis,extent,
observing,switch,article,unknown,government_response,plsa,water,city,obtained,flooding,
e_step,theta,hidden,z,em_algorithm,m_step,cluster,split,pis,extent,
prior,fear,plsa,airplane,quot,mu,pseudocounts,scared,bed,chute,
interface,interfaces,implements,ad,comparable,lda,plsa,instances,greater,adder,theta,prior,likelihood_function,posterior,equation,pages,maximum_likelihood_estimator,bayesian,inference,y,
grade,app,sums,quizzes,doubles,signature,crash,official,push,segments,cluster,clustering,clusters,groups,similarity_function,hierarchy,em_algorithm,closest,objective_function,m_step,
clustering,observing,stay,theta,cluster,generative,covers,revisit,covering,independent,
theta,prior,likelihood_function,posterior,equation,pages,maximum_likelihood_estimator,bayesian,inference,y,cluster,clustering,clusters,groups,similarity_function,hierarchy,em_algorithm,closest,objective_function,m_step,interface,interfaces,implements,ad,comparable,lda,plsa,instances,greater,adder,clustering,observing,stay,theta,cluster,generative,covers,revisit,covering,independent,node,nodes,subtree,root,recursive,factorial,trees,base,leaf,recursion,
e_step,theta,hidden,z,em_algorithm,m_step,cluster,split,pis,extent,compiler,compile,condition,segments,errors,compiled,file,switch,executed,execute,theta,prior,likelihood_function,posterior,equation,pages,maximum_likelihood_estimator,bayesian,inference,y,clustering,observing,stay,theta,cluster,generative,covers,revisit,covering,independent,
cluster,clustering,clusters,groups,similarity_function,hierarchy,em_algorithm,closest,objective_function,m_step,
cat,clustering,relations,clusters,relation,dog,paradigmatic,eats,cluster,discovering,
text_categorization,categorize,categorization,categorisation,authors,sentiment,lambda,spam,email,tax,
errors,sports,classifiers,experts,categorisation,automatic,vocabulary,secondly,labels,y,
smoothing,theta,prior,delta,pseudo,ratio,clustering,coefficient,categorization,posterior,
y,neighbors,beta,linear,scoring_function,feature_values,dog,classifier,neighbor,theta,
classifier,linear,optimize,minimize,label,constraints,dimensional_space,classify,beta,vectors,
assigned,classification_accuracy,categorisation,precision_recall,researchers,email,arithmetic_mean,detailed,controlled,legitimate,
observing,precision_recall,averaging,selecting,perspectives,aggregate,spam,theta_sub,likelihood_function,evaluated,text_categorization,categorize,categorization,categorisation,authors,sentiment,lambda,spam,email,tax,
opinion,dimension,board,winner,metadata,dimensional,opinions,multidimensional,indices,row,
sentiment,classification,grams,errors,frequent,text_categorization,opinion,enrich,derive,discriminating,
classifier,rating,classifiers,range,beta,logistic_regression,ranking_function,optimize,logistical_regression,optimal,
aspect,rating,ratings,weighted,reviewers,different_aspects,reviews,sentiment_weights,denoted,stage,
reviewers,reviews,hotels,generative,ratings,aspects,overall_ratings,opinion,regression,sentiment,
predictors,predictive,sensors,machines,collect,sentiment,collected,predicted_values,big_picture,following_lectures,
authors,papers,partition,contextual_text_mining,partitioning,source,direct,issues,location,comparing,
articles,variations,views,event,location,wars,locations,plsa,war,impact,
random_variable,plsa,entropy,coin,fair_coin,nodes,authors,constraints,x_sub,influence,
correlated,education,sisters,issues,girl,girls,passion,brothers,dear,correlation,
practical,relations,nlp,sentiment,briefly,statistical,area,advanced,interpreting,enables,reviewers,reviews,hotels,generative,ratings,aspects,overall_ratings,opinion,regression,sentiment,sentiment,classification,grams,errors,frequent,text_categorization,opinion,enrich,derive,discriminating,
